<?xml version="1.0" encoding="UTF-8"?>
<!-- Generated by org.testng.reporters.JUnitReportReporter -->
<testsuite skipped="0" hostname="LAPTOP-G0BF4AFQ" name="com.inetBanking.testcases.TC_LoginTest_001" tests="1" failures="0" timestamp="2022-02-24T19:45:32 IST" time="5.349" errors="0">
  <testcase name="loginTest" time="5.349" classname="com.inetBanking.testcases.TC_LoginTest_001"/>
  <system-out/>
</testsuite> <!-- com.inetBanking.testcases.TC_LoginTest_001 -->
