<?xml version="1.0" encoding="UTF-8"?>
<!-- Generated by org.testng.reporters.JUnitReportReporter -->
<testsuite skipped="0" hostname="LAPTOP-G0BF4AFQ" name="com.inetBanking.Utilities.Reporting2" tests="1" failures="0" timestamp="2022-02-21T00:32:05 IST" time="1.376" errors="0">
  <testcase name="extenttest" time="1.376" classname="com.inetBanking.Utilities.Reporting2"/>
  <system-out/>
</testsuite> <!-- com.inetBanking.Utilities.Reporting2 -->
