<?xml version="1.0" encoding="UTF-8"?>
<!-- Generated by org.testng.reporters.JUnitReportReporter -->
<testsuite skipped="0" hostname="LAPTOP-G0BF4AFQ" name="com.inetBanking.Utilities.Reporting" tests="1" failures="0" timestamp="2022-02-02T19:21:21 IST" time="1.780" errors="0">
  <testcase name="add" time="1.780" classname="com.inetBanking.Utilities.Reporting"/>
  <system-out/>
</testsuite> <!-- com.inetBanking.Utilities.Reporting -->
