<?xml version="1.0" encoding="UTF-8"?>
<!-- Generated by org.testng.reporters.JUnitReportReporter -->
<testsuite skipped="0" hostname="LAPTOP-G0BF4AFQ" name="com.inetBanking.Utilities.ReadConfig" tests="1" failures="0" timestamp="2022-02-02T16:38:33 IST" time="0.020" errors="0">
  <testcase name="read" time="0.020" classname="com.inetBanking.Utilities.ReadConfig"/>
  <system-out/>
</testsuite> <!-- com.inetBanking.Utilities.ReadConfig -->
